<?xml version="1.0" encoding="UTF-8"?>
<testng-results skipped="0" failed="0" ignored="0" total="1" passed="1">
  <reporter-output>
  </reporter-output>
  <suite name="Suite" duration-ms="29654" started-at="2020-08-29T19:58:18 IST" finished-at="2020-08-29T19:58:47 IST">
    <groups>
    </groups>
    <test name="Test" duration-ms="29654" started-at="2020-08-29T19:58:18 IST" finished-at="2020-08-29T19:58:47 IST">
      <class name="org.netBank.testCases.TC_LoginTest_001">
        <test-method status="PASS" signature="setup(java.lang.String)[pri:0, instance:org.netBank.testCases.TC_LoginTest_001@1f36e637]" name="setup" is-config="true" duration-ms="23664" started-at="2020-08-29T19:58:18 IST" finished-at="2020-08-29T19:58:42 IST">
          <params>
            <param index="0">
              <value>
                <![CDATA[chrome]]>
              </value>
            </param>
          </params>
          <reporter-output>
          </reporter-output>
        </test-method> <!-- setup -->
        <test-method status="PASS" signature="loginTest()[pri:0, instance:org.netBank.testCases.TC_LoginTest_001@1f36e637]" name="loginTest" duration-ms="5429" started-at="2020-08-29T19:58:42 IST" finished-at="2020-08-29T19:58:47 IST">
          <reporter-output>
          </reporter-output>
        </test-method> <!-- loginTest -->
        <test-method status="PASS" signature="teardown()[pri:0, instance:org.netBank.testCases.TC_LoginTest_001@1f36e637]" name="teardown" is-config="true" duration-ms="188" started-at="2020-08-29T19:58:47 IST" finished-at="2020-08-29T19:58:47 IST">
          <reporter-output>
          </reporter-output>
        </test-method> <!-- teardown -->
      </class> <!-- org.netBank.testCases.TC_LoginTest_001 -->
    </test> <!-- Test -->
  </suite> <!-- Suite -->
</testng-results>
